<?xml version="1.0" encoding="UTF-8"?>
<!-- Generated by org.testng.reporters.JUnitReportReporter -->
<testsuite hostname="DESKTOP-C8V86VK" failures="0" tests="2" name="mavenTutorial.MavenDemo.RESTAPITest" time="0.003" errors="0" timestamp="17 Aug 2021 09:08:19 GMT">
  <testcase classname="mavenTutorial.MavenDemo.RESTAPITest" name="postJira" time="0.001"/>
  <testcase classname="mavenTutorial.MavenDemo.RESTAPITest" name="deletTwitter" time="0.002"/>
</testsuite> <!-- mavenTutorial.MavenDemo.RESTAPITest -->
