<?xml version="1.0" encoding="UTF-8"?>
<!-- Generated by org.testng.reporters.JUnitReportReporter -->
<testsuite hostname="DESKTOP-C8V86VK" failures="0" tests="2" name="mavenTutorial.MavenDemo.AppiumTest" time="0.030" errors="0" timestamp="17 Aug 2021 09:08:19 GMT">
  <testcase classname="mavenTutorial.MavenDemo.AppiumTest" name="MobileApp" time="0.027"/>
  <testcase classname="mavenTutorial.MavenDemo.AppiumTest" name="Nativeapp" time="0.003"/>
</testsuite> <!-- mavenTutorial.MavenDemo.AppiumTest -->
