<?xml version="1.0" encoding="UTF-8"?>
<!-- Generated by org.testng.reporters.JUnitReportReporter -->
<testsuite hostname="DESKTOP-C8V86VK" failures="0" tests="1" name="mavenTutorial.MavenDemo.SeleniumTest" time="0.015" errors="0" timestamp="2021-08-05T14:33:02 IST" skipped="0">
  <testcase classname="mavenTutorial.MavenDemo.SeleniumTest" name="BrowserAUTomation" time="0.015"/>
  <system-out/>
</testsuite> <!-- mavenTutorial.MavenDemo.SeleniumTest -->
