<?xml version="1.0" encoding="UTF-8"?>
<!-- Generated by org.testng.reporters.JUnitReportReporter -->
<testsuite hostname="LAPTOP-SL3BVS63" failures="0" tests="2" name="mavenTutorial.MavenDemo.AppiumTest" time="0.013" errors="0" timestamp="29 Aug 2021 02:47:41 GMT">
  <testcase classname="mavenTutorial.MavenDemo.AppiumTest" name="Nativeapp" time="0.001"/>
  <testcase classname="mavenTutorial.MavenDemo.AppiumTest" name="MobileApp" time="0.012"/>
</testsuite> <!-- mavenTutorial.MavenDemo.AppiumTest -->
