<?xml version="1.0" encoding="UTF-8"?>
<!-- Generated by org.testng.reporters.JUnitReportReporter -->
<testsuite hostname="LAPTOP-SL3BVS63" failures="0" tests="2" name="mavenTutorial.MavenDemo.RESTAPITest" time="0.003" errors="0" timestamp="29 Aug 2021 02:47:41 GMT">
  <testcase classname="mavenTutorial.MavenDemo.RESTAPITest" name="postJira" time="0.001"/>
  <testcase classname="mavenTutorial.MavenDemo.RESTAPITest" name="deletTwitter" time="0.002"/>
</testsuite> <!-- mavenTutorial.MavenDemo.RESTAPITest -->
